<?xml version="1.0" encoding="UTF-8"?>
<testsuites name="jest tests" tests="2" failures="0" errors="0" time="0.662">
  <testsuite name="undefined" errors="0" failures="0" skipped="0" timestamp="2025-10-01T13:09:15" time="0.551" tests="2">
    <testcase classname=" initial task list is empty" name=" initial task list is empty" time="0.002">
    </testcase>
    <testcase classname=" add 1 + 2 + 3" name=" add 1 + 2 + 3" time="0">
    </testcase>
  </testsuite>
</testsuites>