<?xml version="1.0" encoding="UTF-8"?>
<testsuites name="jest tests" tests="3" failures="1" errors="0" time="0.602">
  <testsuite name="undefined" errors="0" failures="1" skipped="0" timestamp="2025-10-01T13:14:20" time="0.502" tests="3">
    <testcase classname=" initial task list is empty" name=" initial task list is empty" time="0.003">
    </testcase>
    <testcase classname=" add 1 + 2 + 3" name=" add 1 + 2 + 3" time="0">
    </testcase>
    <testcase classname=" ajoute une tâche valide" name=" ajoute une tâche valide" time="0">
      <failure>ReferenceError: addTask is not defined
    at Object.expect (C:\Users\Kelvin\Documents\GitHub\gitcidevA\eval-git-ci-js-base\test\tasks.test.js:17:3)
    at Promise.then.completed (C:\Users\Kelvin\Documents\GitHub\gitcidevA\eval-git-ci-js-base\node_modules\jest-circus\build\utils.js:298:28)
    at new Promise (&lt;anonymous&gt;)
    at callAsyncCircusFn (C:\Users\Kelvin\Documents\GitHub\gitcidevA\eval-git-ci-js-base\node_modules\jest-circus\build\utils.js:231:10)
    at _callCircusTest (C:\Users\Kelvin\Documents\GitHub\gitcidevA\eval-git-ci-js-base\node_modules\jest-circus\build\run.js:316:40)
    at processTicksAndRejections (node:internal/process/task_queues:105:5)
    at _runTest (C:\Users\Kelvin\Documents\GitHub\gitcidevA\eval-git-ci-js-base\node_modules\jest-circus\build\run.js:252:3)
    at _runTestsForDescribeBlock (C:\Users\Kelvin\Documents\GitHub\gitcidevA\eval-git-ci-js-base\node_modules\jest-circus\build\run.js:126:9)
    at run (C:\Users\Kelvin\Documents\GitHub\gitcidevA\eval-git-ci-js-base\node_modules\jest-circus\build\run.js:71:3)
    at runAndTransformResultsToJestFormat (C:\Users\Kelvin\Documents\GitHub\gitcidevA\eval-git-ci-js-base\node_modules\jest-circus\build\legacy-code-todo-rewrite\jestAdapterInit.js:122:21)
    at jestAdapter (C:\Users\Kelvin\Documents\GitHub\gitcidevA\eval-git-ci-js-base\node_modules\jest-circus\build\legacy-code-todo-rewrite\jestAdapter.js:79:19)
    at runTestInternal (C:\Users\Kelvin\Documents\GitHub\gitcidevA\eval-git-ci-js-base\node_modules\jest-runner\build\runTest.js:367:16)
    at runTest (C:\Users\Kelvin\Documents\GitHub\gitcidevA\eval-git-ci-js-base\node_modules\jest-runner\build\runTest.js:444:34)</failure>
    </testcase>
  </testsuite>
</testsuites>